
update git code everyday 2020年 05月 31日 星期日 19:34:32 CST
update /opt/hawkin/opensource/busybox ...
update /opt/hawkin/opensource/contiki ...
update /opt/hawkin/opensource/coremark-pro ...
update /opt/hawkin/opensource/dpdk ...
update /opt/hawkin/opensource/linux-pam ...
update /opt/hawkin/opensource/linux-stable ...
update /opt/hawkin/opensource/linux-stable-rt ...
update /opt/hawkin/opensource/linux-xlnx ...
update /opt/hawkin/opensource/oe-core ...
update /opt/hawkin/opensource/openssl ...
update /opt/hawkin/opensource/ovs ...
update /opt/hawkin/opensource/u-boot ...
update /opt/hawkin/opensource/u-boot-xlnx ...
update /opt/hawkin/opensource/nxp/imx6/linux-imx ...
update /opt/hawkin/opensource/nxp/imx6/uboot-imx ...
update /opt/hawkin/opensource/nxp/imx8/linux-imx ...
update /opt/hawkin/opensource/nxp/imx8/uboot-imx ...
update /opt/hawkin/opensource/nxp/lsdk/atf ...
update /opt/hawkin/opensource/nxp/lsdk/cryptodev-linux ...
update /opt/hawkin/opensource/nxp/lsdk/ddr-phy-binary ...
update /opt/hawkin/opensource/nxp/lsdk/eiq ...
update /opt/hawkin/opensource/nxp/lsdk/linux ...
update /opt/hawkin/opensource/nxp/lsdk/optee_client ...
update /opt/hawkin/opensource/nxp/lsdk/optee_test ...
update /opt/hawkin/opensource/nxp/lsdk/pktgen-dpdk ...
update /opt/hawkin/opensource/nxp/lsdk/qbman_userspace ...
update /opt/hawkin/opensource/nxp/lsdk/qoriq-eds-bootstrap ...
update /opt/hawkin/opensource/nxp/lsdk/qoriq-eds-puppet ...
update /opt/hawkin/opensource/nxp/lsdk/restool ...
update /opt/hawkin/opensource/nxp/lsdk/tsntool ...
update /opt/hawkin/opensource/nxp/lsdk/uefi ...
update /opt/hawkin/opensource/nxp/lsdk/ceetm ...
update /opt/hawkin/opensource/nxp/lsdk/cst ...
update /opt/hawkin/opensource/nxp/lsdk/dpdk ...
update /opt/hawkin/opensource/nxp/lsdk/eth-config ...
update /opt/hawkin/opensource/nxp/lsdk/openssl ...
update /opt/hawkin/opensource/nxp/lsdk/optee_os ...
update /opt/hawkin/opensource/nxp/lsdk/ovs-dpdk ...
update /opt/hawkin/opensource/nxp/lsdk/ptpd ...
update /opt/hawkin/opensource/nxp/lsdk/qoriq-edgescale-eds ...
update /opt/hawkin/opensource/nxp/lsdk/qoriq-eds-kubelet ...
update /opt/hawkin/opensource/nxp/lsdk/rcw ...
update /opt/hawkin/opensource/nxp/lsdk/secure_obj ...
update /opt/hawkin/opensource/nxp/lsdk/u-boot ...
